[    0.000000] Initializing cgroup subsys cpuset
[    0.000000] Initializing cgroup subsys cpu
[    0.000000] Initializing cgroup subsys cpuacct
[    0.000000] Linux version 4.4.0-134-generic (buildd@lgw01-amd64-033) (gcc version 5.4.0 20160609 (Ubuntu 5.4.0-6ubuntu1~16.04.10) ) #160-Ubuntu SMP Wed Aug 15 14:58:00 UTC 2018 (Ubuntu 4.4.0-134.160-generic 4.4.140)
[    0.000000] Command line: BOOT_IMAGE=/boot/vmlinuz-4.4.0-134-generic root=LABEL=cloudimg-rootfs ro console=tty1 console=ttyS0
[    0.000000] KERNEL supported cpus:
[    0.000000]   Intel GenuineIntel
[    0.000000]   AMD AuthenticAMD
[    0.000000]   Centaur CentaurHauls
[    0.000000] x86/fpu: xstate_offset[2]:  576, xstate_sizes[2]:  256
[    0.000000] x86/fpu: Supporting XSAVE feature 0x01: 'x87 floating point registers'
[    0.000000] x86/fpu: Supporting XSAVE feature 0x02: 'SSE registers'
[    0.000000] x86/fpu: Supporting XSAVE feature 0x04: 'AVX registers'
[    0.000000] x86/fpu: Enabled xstate features 0x7, context size is 832 bytes, using 'standard' format.
[    0.000000] e820: BIOS-provided physical RAM map:
[    0.000000] BIOS-e820: [mem 0x0000000000000000-0x000000000009fbff] usable
[    0.000000] BIOS-e820: [mem 0x000000000009fc00-0x000000000009ffff] reserved
[    0.000000] BIOS-e820: [mem 0x00000000000f0000-0x00000000000fffff] reserved
[    0.000000] BIOS-e820: [mem 0x0000000000100000-0x000000007ffeffff] usable
[    0.000000] BIOS-e820: [mem 0x000000007fff0000-0x000000007fffffff] ACPI data
[    0.000000] BIOS-e820: [mem 0x00000000fec00000-0x00000000fec00fff] reserved
[    0.000000] BIOS-e820: [mem 0x00000000fee00000-0x00000000fee00fff] reserved
[    0.000000] BIOS-e820: [mem 0x00000000fffc0000-0x00000000ffffffff] reserved
[    0.000000] NX (Execute Disable) protection: active
[    0.000000] SMBIOS 2.5 present.
[    0.000000] Hypervisor detected: KVM    0.000000] e820: last_pfn = 0x7fff0 max_arch_pfn = 0x400000000
[    0.000000] MTRR: Disabled
[    0.000000] x86/PAT: MTRRs disabled, skipping PAT initialization too.
[    0.000000] CPU MTRRs all blank - virtualized system.
[    0.000000] x86/PAT: Configuration [0-7]: WB  WT  UC- UC  WB  WT  UC- UC  
[    0.000000] found SMP MP-table at [mem 0x0009fff0-0x0009ffff] mapped at [ffff88000009fff0]
[    0.000000] Scanning 1 areas for low memory corruption
[    0.000000] RAMDISK: [mem 0x3630c000-0x3717dfff]
[    0.000000] ACPI: Early table checksum verification disabled
[    0.000000] ACPI: RSDP 0x00000000000E0000 000024 (v02 VBOX  )
[    0.000000] ACPI: XSDT 0x000000007FFF0030 00003C (v01 VBOX   VBOXXSDT 00000001 ASL  00000061)
[    0.000000] ACPI: FACP 0x000000007FFF00F0 0000F4 (v04 VBOX   VBOXFACP 00000001 ASL  00000061)
[    0.000000] ACPI: DSDT 0x000000007FFF0470 0021FF (v02 VBOX   VBOXBIOS 00000002 INTL 20100528)
[    0.000000] ACPI: FACS 0x000000007FFF0200 000040
[    0.000000] ACPI: FACS 0x000000007FFF0200 000040
[    0.000000] ACPI: APIC 0x000000007FFF0240 00005C (v02 VBOX   VBOXAPIC 00000001 ASL  00000061)
[    0.000000] ACPI: SSDT 0x000000007FFF02A0 0001CC (v01 VBOX   VBOXCPUT 00000002 INTL 20100528)
[    0.000000] No NUMA configuration found
[    0.000000] Faking a node at [mem 0x0000000000000000-0x000000007ffeffff]
[    0.000000] NODE_DATA(0) allocated [mem 0x7ffeb000-0x7ffeffff]
[    0.000000] kvm-clock: Using msrs 4b564d01 and 4b564d00
[    0.000000] kvm-clock: cpu 0, msr 0:7ffe3001, primary cpu clock
[  0.000000] kvm-clock: using sched offset of 3153530414 cycles
[    0.000000] clocksource: kvm-clock: mask: 0xffffffffffffffff max_cycles: 0x1cd42e4dffb, max_idle_ns: 881590591483 ns
[    0.000000] Zone ranges:
[    0.000000]   DMA      [mem 0x0000000000001000-0x0000000000ffffff]
[    0.000000]   DMA32    [mem 0x0000000001000000-0x000000007ffeffff]
[    0.000000]   Normal   empty
[    0.000000]   Device   empty
[    0.000000] Movable zone start for each node
[    0.000000] Early memory node ranges
[    0.000000]   node   0: [mem 0x0000000000001000-0x000000000009efff]
[    0.000000]   node   0: [mem 0x0000000000100000-0x000000007ffeffff]
[    0.000000] Initmem setup node 0 [mem 0x0000000000001000-0x000000007ffeffff]
[    0.000000] ACPI: PM-Timer IO Port: 0x4008
[    0.000000] IOAPIC[0]: apic_id 2, version 32, address 0xfec00000, GSI 0-23
[    0.000000] ACPI: INT_SRC_OVR (bus 0 bus_irq 0 global_irq 2 dfl dfl)
[    0.000000] ACPI: INT_SRC_OVR (bus 0 bus_irq 9 global_irq 9 low level)
[    0.000000] Using ACPI (MADT) for SMP configuration information
[    0.000000] smpboot: Allowing 2 CPUs, 0 hotplug CPUs
[    0.000000] PM: Registered nosave memory: [mem 0x00000000-0x00000fff]
[    0.000000] PM: Registered nosave memory: [mem 0x0009f000-0x0009ffff]
[    0.000000] PM: Registered nosave memory: [mem 0x000a0000-0x000effff]
[    0.000000] PM: Registered nosave memory: [mem 0x000f0000-0x000fffff]
[    0.000000] e820: [mem 0x80000000-0xfebfffff] available for PCI devices
[    0.000000] Booting paravirtualized kernel on KVM
[    0.000000] clocksource: refined-jiffies: mask: 0xffffffff max_cycles: 0xffffffff, max_idle_ns: 7645519600211568 ns
[    0.000000] setup_percpu: NR_CPUS:512 nr_cpumask_bits:512 nr_cpu_ids:2 nr_node_ids:1
[    0.000000] PERCPU: Embedded 34 pages/cpu @ffff88007fc00000 s99544 r8192 d31528 u1048576
[    0.000000] PV qspinlock hash table entries: 256 (order: 0, 4096 bytes)
[    0.000000] Built 1 zonelists in Node order, mobility grouping on.  Total pages: 515960
[    0.000000] Policy zone: DMA32
[    0.000000] Kernel command line: BOOT_IMAGE=/boot/vmlinuz-4.4.0-134-generic root=LABEL=cloudimg-rootfs ro console=tty1 console=ttyS0
[    0.000000] PID hash table entries: 4096 (order: 3, 32768 bytes)
[    0.000000] Memory: 2029916K/2096696K available (8554K kernel code, 1314K rwdata, 4004K rodata, 1516K init, 1316K bss, 66780K reserved, 0K cma-reserved)
[    0.000000] SLUB: HWalign=64, Order=0-3, MinObjects=0, CPUs=2, Nodes=1
[    0.000000] Kernel/User page tables isolation: enabled
[    0.000000] Hierarchical RCU implementation.
[    0.000000] 	Build-time adjustment of leaf fanout to 64.
[    0.000000] 	RCU restricting CPUs from NR_CPUS=512 to nr_cpu_ids=2.
[    0.000000] RCU: Adjusting geometry for rcu_fanout_leaf=64, nr_cpu_ids=2
[    0.000000] NR_IRQS:33024 nr_irqs:440 16
[    0.000000] Console: colour VGA+ 80x25
[    0.000000] console [tty1] enabled
[    0.000000] console [ttyS0] enabled
[    0.000000] tsc: Detected 3997.684 MHz processor
[    0.156802] Calibrating delay loop (skipped) preset value.. 7995.36 BogoMIPS (lpj=15990736)
[    0.157844] pid_max: default: 32768 minimum: 301
[    0.158398] ACPI: Core revision 20150930
[    0.159526] ACPI: 2 ACPI AML tables successfully acquired and loaded
[    0.160321] Security Framework initialized
[    0.160852] Yama: becoming mindful.
[    0.161316] AppArmor: AppArmor initialized
[    0.163217] Dentry cache hash table entries: 262144 (order: 9, 2097152 bytes)
[    0.164246] Inode-cache hash table entries: 131072 (order: 8, 1048576 bytes)
[    0.166299] Mount-cache hash table entries: 4096 (order: 3, 32768 bytes)
[    0.167042] Mountpoint-cache hash table entries: 4096 (order: 3, 32768 bytes)
[    0.167920] Initializing cgroup subsys io
[    0.168431] Initializing cgroup subsys memory
[    0.168997] Initializing cgroup subsys devices
[    0.169579] Initializing cgroup subsys freezer
[    0.170113] Initializing cgroup subsys net_cls
[    0.170663] Initializing cgroup subsys perf_event
[    0.171229] Initializing cgroup subsys net_prio
[    0.171790] Initializing cgroup subsys hugetlb
[    0.172326] Initializing cgroup subsys pids
[    0.173600] mce: CPU supports 0 MCE banks
[    0.174127] Last level iTLB entries: 4KB 1024, 2MB 1024, 4MB 1024
[    0.174799] Last level dTLB entries: 4KB 1024, 2MB 1024, 4MB 1024, 1GB 4
[    0.175541] Spectre V2 : Mitigation: Full generic retpoline
[    0.176173 Spectre V2 : Speculation control IBPB not-supported IBRS not-supported
[    0.185136] Speculative Store Bypass: Vulnerable
[    0.187454] Freeing SMP alternatives memory: 32K

[    0.193306] ftrace: allocating 32266 entries in 127 pages
[    0.228597] smpboot: APIC(0) Converting physical 0 to logical package 0
[    0.229380] smpboot: Max logical packages: 1
[    0.230120] x2apic enabled
[    0.230660] Switched APIC routing to physical x2apic.
[    0.232064] ..TIMER: vector=0x30 apic1=0 pin1=2 apic2=-1 pin2=-1
[    0.344769] APIC calibration not consistent with PM-Timer: 93ms instead of 100ms
[    0.350666] APIC delta adjusted to PM-Timer: 6250411 (5866136)
[    0.351460] smpboot: CPU0: Intel(R) Core(TM) i7-4790K CPU @ 4.00GHz (family: 0x6, model: 0x3c, stepping: 0x3)
[    0.359804] Performance Events: unsupported p6 CPU model 60 no PMU driver, software events only.
[    0.367186] KVM setup paravirtual spinlock
[    0.369564] x86: Booting SMP configuration:
[    0.370127] .... node  #0, CPUs:      #1
[    0.370721] kvm-clock: cpu 1, msr 0:7ffe3041, secondary cpu clock
[    0.372193] mce: CPU supports 0 MCE banks
[    0.374533] x86: Booted up 1 node, 2 CPUs
[    0.375438] smpboot: Total of 2 processors activated (15990.73 BogoMIPS)
[    0.376821] devtmpfs: initialized
[    0.378216] evm: security.selinux
[    0.378667] evm: security.SMACK64
[    0.379128] evm: security.SMACK64EXEC
[    0.379619] evm: security.SMACK64TRANSMUTE
[    0.380134] evm: security.SMACK64MMAP
[    0.380709] evm: security.ima
[    0.381143] evm: security.capability
[    0.381840] clocksource: jiffies: mask: 0xffffffff max_cycles: 0xffffffff, max_idle_ns: 7645041785100000 ns
[    0.383374] futex hash table entries: 512 (order: 3, 32768 bytes)
[    0.384216] pinctrl core: initialized pinctrl subsystem
[    0.384907] RTC time: 19:53:43, date: 09/09/18
[    0.387400] NET: Registered protocol family 16
[    0.400603] cpuidle: using governor ladder
[    0.415246] cpuidle: using governor menu
[    0.415859] PCCT header not found.
[    0.416435] ACPI: bus type PCI registered
[    0.416975] acpiphp: ACPI Hot Plug PCI Controller Driver version: 0.5
[    0.417802] PCI: Using configuration type 1 for base access
[    0.429449] ACPI: Added _OSI(Module Device)
[    0.430216] ACPI: Added _OSI(Processor Device)
[    0.430973] ACPI: Added _OSI(3.0 _SCP Extensions)
[    0.431704] ACPI: Added _OSI(Processor Aggregator Device)
[    0.433344] ACPI: Executed 1 blocks of module-level executable AML code
[    0.435948] ACPI: Interpreter enabled
[    0.436682] ACPI: (supports S0 S5)
[    0.437256] ACPI: Using IOAPIC for interrupt routing
[    0.438079] PCI: Using host bridge windows from ACPI; if necessary, use "pci=nocrs" and report a bug
[    0.441513] ACPI: PCI Root Bridge [PCI0] (domain 0000 [bus 00-ff])
[    0.444338] acpi PNP0A03:00: _OSC: OS supports [ASPM ClockPM Segments MSI]
[    0.445171] acpi PNP0A03:00: _OSC: not requesting OS control; OS requires [ExtendedConfig ASPM ClockPM MSI]
[    0.446312] acpi PNP0A03:00: fail to add MMCONFIG information, can't access extended PCI configuration space under this bridge.
[    0.447800] PCI host bridge to bus 0000:00
[    0.448312] pci_bus 0000:00: root bus resource [io  0x0000-0x0cf7 window]
[    0.449105] pci_bus 0000:00: root bus resource [io  0x0d00-0xffff window]
[    0.449893] pci_bus 0000:00: root bus resource [mem 0x000a0000-0x000bffff window]
[    0.450869] pci_bus 0000:00: root bus resource [mem 0x80000000-0xfdffffff window]
[    0.451818] pci_bus 0000:00: root bus resource [bus 00-ff]
[    0.453612] pci 0000:00:01.1: legacy IDE quirk: reg 0x10: [io  0x01f0-0x01f7]
[    0.454402] pci 0000:00:01.1: legacy IDE quirk: reg 0x14: [io  0x03f6]
[    0.455155] pci 0000:00:01.1: legacy IDE quirk: reg 0x18: [io  0x0170-0x0177]
[    0.462161] pci 0000:00:01.1: legacy IDE quirk: reg 0x1c: [io  0x0376]
[    0.479916] pci 0000:00:07.0: quirk: [io  0x4000-0x403f] claimed by PIIX4 ACPI
[    0.480862] pci 0000:00:07.0: quirk: [io  0x4100-0x410f] claimed by PIIX4 SMB
[    0.487391] ACPI: PCI Interrupt Link [LNKA] (IRQs 5 9 10 *11)
[    0.488494] ACPI: PCI Interrupt Link [LNKB] (IRQs 5 9 *10 11)
[    0.489446] ACPI: PCI Interrupt Link [LNKC] (IRQs 5 *9 10 11)
[    0.490422] ACPI: PCI Interrupt Link [LNKD] (IRQs 5 9 10 *11)
[    0.497050] ACPI: Enabled 2 GPEs in block 00 to 07
[    0.497835] vgaarb: setting as boot device: PCI:0000:00:02.0
[    0.498583] vgaarb: device added: PCI:0000:00:02.0,decodes=io+mem,owns=io+mem,locks=none
[    0.499714] vgaarb: loaded
[    0.500134] vgaarb: bridge control possible 0000:00:02.0
[    0.500884] SCSI subsystem initialized
[    0.501441] ACPI: bus type USB registered
[    0.501963] usbcore: registered new interface driver usbfs
[    0.502616] usbcore: registered new interface driver hub
[    0.503246] usbcore: registered new device driver usb
[    0.503999] PCI: Using ACPI for IRQ routing
[    0.504699] NetLabel: Initializing
[    0.505167] NetLabel:  domain hash size = 128
[    0.505704] NetLabel:  protocols = UNLABELED CIPSOv4
[    0.506309] NetLabel:  unlabeled traffic allowed by default
[    0.507034] amd_nb: Cannot enumerate AMD northbridges
[    0.507692] clocksource: Switched to clocksource kvm-clock
[    0.514789] AppArmor: AppArmor Filesystem Enabled
[    0.515442] pnp: PnP ACPI init
[    0.516401] pnp: PnP ACPI: found 3 devices
[    0.525544] clocksource: acpi_pm: mask: 0xffffff max_cycles: 0xffffff, max_idle_ns: 2085701024 ns
[    0.526636] NET: Registered protocol family 2
[    0.527280] TCP established hash table entries: 16384 (order: 5, 131072 bytes)
[    0.528225] TCP bind hash table entries: 16384 (order: 6, 262144 bytes)
[    0.529037] TCP: Hash tables configured (established 16384 bind 16384)
[    0.529798] UDP hash table entries: 1024 (order: 3, 32768 bytes)
[    0.530508] UDP-Lite hash table entries: 1024 (order: 3, 32768 bytes)
[    0.531248] NET: Registered protocol family 1
[    0.531795] pci 0000:00:00.0: Limiting direct PCI/PCI transfers
[    0.532499] pci 0000:00:01.0: Activating ISA DMA hang workarounds
[    0.533284] Unpacking initramfs...
[    0.689200] Freeing initrd memory: 14792K
[    0.691960] RAPL PMU detected, API unit is 2^-32 Joules, 4 fixed counters 10737418240 ms ovfl timer
[    0.693021] hw unit of domain pp0-core 2^-0 Joules
[    0.693608] hw unit of domain package 2^-0 Joules
[    0.695607] hw unit of domain dram 2^-0 Joules
[    0.696186] hw unit of domain pp1-gpu 2^-0 Joules
[    0.696797] platform rtc_cmos: registered platform RTC device (no PNP device found)
[    0.697771] Scanning for low memory corruption every 60 seconds
[    0.698701] audit: initializing netlink subsys (disabled)
[    0.699348] audit: type=2000 audit(1536522828.371:1): initialized
[    0.700287] Initialise system trusted keyring
[    0.700907] HugeTLB registered 2 MB page size, pre-allocated 0 pages
[    0.702530] zbud: loaded
[    0.703132] VFS: Disk quotas dquot_6.6.0
[    0.703649] VFS: Dquot-cache hash table entries: 512 (order 0, 4096 bytes)
[    0.704640] squashfs: version 4.0 (2009/01/31) Phillip Lougher
[    0.705520] fuse init (API version 7.23)
[    0.706154] Key type big_key registered
[    0.706709] Allocating IMA MOK and blacklist keyrings.
[    0.708029] Key type asymmetric registered
[    0.708544] Asymmetric key parser 'x509' registered
[    0.709142] Block layer SCSI generic (bsg) driver version 0.4 loaded (major 249)
[    0.710125] io scheduler noop registered
[    0.710637] io scheduler deadline registered (default)
[    0.711270] io scheduler cfq registered
[    0.711818] pci_hotplug: PCI Hot Plug PCI Core version: 0.5
[    0.712487] pciehp: PCI Express Hot Plug Controller Driver version: 0.4
[    0.713300] ACPI: AC Adapter [AC] (on-line)
[    0.713858] input: Power Button as /devices/LNXSYSTM:00/LNXPWRBN:00/input/input0
[    0.719701] ACPI: Power Button [PWRF]
[    0.726046] input: Sleep Button as /devices/LNXSYSTM:00/LNXSLPBN:00/input/input1
[    0.726987] ACPI: Sleep Button [SLPF]
[    0.727610] GHES: HEST is not enabled!
[    0.728460] virtio-pci 0000:00:03.0: virtio_pci: leaving for legacy driver
[    0.729336] Serial: 8250/16550 driver, 32 ports, IRQ sharing enabled
[    0.751396] 00:02: ttyS0 at I/O 0x3f8 (irq = 4, base_baud = 115200) is a 16550A
[    0.753820] Linux agpgart interface v0.103
[    0.756928] loop: module loaded
[    0.757806] scsi host0: ata_piix
[    0.758326] scsi host1: ata_piix
[    0.758795] ata1: PATA max UDMA/33 cmd 0x1f0 ctl 0x3f6 bmdma 0xd000 irq 14
[    0.759547] ata2: PATA max UDMA/33 cmd 0x170 ctl 0x376 bmdma 0xd008 irq 15
[    0.762343] libphy: Fixed MDIO Bus: probed
[    0.762880] tun: Universal TUN/TAP device driver, 1.6
[    0.763483] tun: (C) 1999-2004 Max Krasnyansky <maxk@qualcomm.com>
[    0.764445] PPP generic driver version 2.4.2
[    0.765086] ehci_hcd: USB 2.0 'Enhanced' Host Controller (EHCI) Driver
[    0.765882] ehci-pci: EHCI PCI platform driver
[    0.766444] ehci-platform: EHCI generic platform driver
[    0.767060] ohci_hcd: USB 1.1 'Open' Host Controller (OHCI) Driver
[    0.767778] ohci-pci: OHCI PCI platform driver
[    0.768343] ohci-platform: OHCI generic platform driver
[    0.768998] uhci_hcd: USB Universal Host Controller Interface driver
[    0.769736] i8042: PNP: PS/2 Controller [PNP0303:PS2K,PNP0f03:PS2M] at 0x60,0x64 irq 1,12
[    0.771063] serio: i8042 KBD port at 0x60,0x64 irq 1
[    0.771671] serio: i8042 AUX port at 0x60,0x64 irq 12
[    0.772414] mousedev: PS/2 mouse device common for all mice
[    0.773332] input: AT Translated Set 2 keyboard as /devices/platform/i8042/serio0/input/input2
[    0.774734] rtc_cmos rtc_cmos: rtc core: registered rtc_cmos as rtc0
[    0.775485] rtc_cmos rtc_cmos: alarms up to one day, 114 bytes nvram
[    0.776210] i2c /dev entries driver
[    0.776704] device-mapper: uevent: version 1.0.3
[    0.777319] device-mapper: ioctl: 4.34.0-ioctl (2015-10-28) initialised: dm-devel@redhat.com
[    0.778348] ledtrig-cpu: registered to indicate activity on CPUs
[    0.779259] NET: Registered protocol family 10
[    0.779921] NET: Registered protocol family 17
[    0.780478] Key type dns_resolver registered
[    0.781241] registered taskstats version 1
[    0.781763] Loading compiled-in X.509 certificates
[    0.788981] Loaded X.509 cert 'Build time autogenerated kernel key: 4eb3d024ac16f76c1747ffd474694c84db21038b'
[    0.790142] zswap: loaded using pool lzo/zbud
[    0.791813] Key type trusted registered
[    0.794168] Key type encrypted registered
[    0.800191] AppArmor: AppArmor sha1 policy hashing enabled
[    0.800833] ima: No TPM chip found, activating TPM-bypass!
[    0.801467] ima: Allocated hash algorithm: sha1
[    0.802070] evm: HMAC attrs: 0x1
[    0.802696]   Magic number: 2:51:900
[    0.803192] acpi PNP0501:00: hash matches
[    0.803747] rtc_cmos rtc_cmos: setting system clock to 2018-09-09 19:53:43 UTC (1536522823)
[    0.814616] BIOS EDD facility v0.16 2004-Jun-25, 0 devices found
[    0.815310] EDD information not available.
[    0.917516] Freeing unused kernel memory: 1516K
[    0.919029] Write protecting the kernel read-only data: 14336k
[    0.928169] Freeing unused kernel memory: 1672K
[    0.929931] Freeing unused kernel memory: 92K
Loading, please wait...
starting version 229
[    0.947204] random: systemd-udevd: uninitialized urandom read (16 bytes read, 1 bits of entropy available)
[    0.947522] random: udevadm: uninitialized urandom read (16 bytes read, 1 bits of entropy available)
[    0.947542] random: udevadm: uninitialized urandom read (16 bytes read, 1 bits of entropy available)
[    0.953850] random: systemd-udevd: uninitialized urandom read (16 bytes read, 1 bits of entropy available)
[    0.954104] random: udevadm: uninitialized urandom read (16 bytes read, 1 bits of entropy available)
[    0.954138] random: udevadm: uninitialized urandom read (16 bytes read, 1 bits of entropy available)
[    0.954248] random: udevadm: uninitialized urandom read (16 bytes read, 1 bits of entropy available)
[    0.954287] random: udevadm: uninitialized urandom read (16 bytes read, 1 bits of entropy available)
[    0.954328] random: udevadm: uninitialized urandom read (16 bytes read, 1 bits of entropy available)
[    0.954367] random: udevadm: uninitialized urandom read (16 bytes read, 1 bits of entropy available)
[    0.981645] virtio_net virtio0 enp0s3: renamed from eth0
[    0.982825] Fusion MPT base driver 3.04.20
[    0.983357] Copyright (c) 1999-2008 LSI Corporation
[    0.989280] Fusion MPT SPI Host driver 3.04.20
[    0.990296] mptbase: ioc0: Initiating bringup
[    0.994740] AVX2 version of gcm_enc/dec engaged.
[    0.995328] AES CTR mode by8 optimization enabled
[    1.064306] ioc0: LSI53C1030 A0: Capabilities={Initiator}
[    1.189232] input: ImExPS/2 Generic Explorer Mouse as /devices/platform/i8042/serio1/input/input4
[    1.235992] scsi host2: ioc0: LSI53C1030 A0, FwRev=00000000h, Ports=1, MaxQ=256, IRQ=20
[    1.360498] scsi 2:0:0:0: Direct-Access     VBOX     HARDDISK         1.0  PQ: 0 ANSI: 5
[    1.376539] scsi target2:0:0: Beginning Domain Validation
[    1.381468] scsi target2:0:0: Domain Validation skipping write tests
[    1.385191] scsi target2:0:0: Ending Domain Validation
[    1.388271] scsi target2:0:0: asynchronous
[    1.391629] scsi 2:0:1:0: Direct-Access     VBOX     HARDDISK         1.0  PQ: 0 ANSI: 5
[    1.395802] scsi target2:0:1: Beginning Domain Validation
[    1.414907] scsi target2:0:1: Domain Validation skipping write tests
[    1.416999] scsi target2:0:1: Ending Domain Validation
[    1.818038] tsc: Refined TSC clocksource calibration: 3998.711 MHz
[    1.818823] clocksource: tsc: mask: 0xffffffffffffffff max_cycles: 0x73473583543, max_idle_ns: 881590472314 ns
[    1.820062] scsi target2:0:1: asynchronous
[    1.823793] sd 2:0:0:0: Attached scsi generic sg0 type 0
[    1.824477] sd 2:0:0:0: [sda] 20971520 512-byte logical blocks: (10.7 GB/10.0 GiB)
[    1.825842] sd 2:0:1:0: Attached scsi generic sg1 type 0
[    1.826584] sd 2:0:0:0: [sda] Write Protect is off
[    1.827226] sd 2:0:1:0: [sdb] 20480 512-byte logical blocks: (10.5 MB/10.0 MiB)
[    1.828306] sd 2:0:0:0: [sda] Incomplete mode parameter data
[    1.828954] sd 2:0:0:0: [sda] Assuming drive cache: write through
[    1.829692] sd 2:0:1:0: [sdb] Write Protect is off
[    1.830554] sd 2:0:1:0: [sdb] Incomplete mode parameter data
[    1.831207] sd 2:0:1:0: [sdb] Assuming drive cache: write through
[    1.832752]  sda: sda1
[    1.833848] sd 2:0:0:0: [sda] Attached SCSI disk
[    1.836661] sd 2:0:1:0: [sdb] Attached SCSI disk
Begin: Loading essential drivers ... [    3.061717] md: linear personality registered for level -1
[    3.063748] md: multipath personality registered for level -4
[    3.065754] md: raid0 personality registered for level 0
[    3.068160] md: raid1 personality registered for level 1
[    3.135871] raid6: sse2x1   gen() 12690 MB/s
[    3.203709] raid6: sse2x1   xor() 10382 MB/s
[    3.272015] raid6: sse2x2   gen() 17293 MB/s
[    3.340335] raid6: sse2x2   xor() 11513 MB/s
[    3.407701] raid6: sse2x4   gen() 19676 MB/s
[    3.476952] raid6: sse2x4   xor() 13634 MB/s
[    3.543833] raid6: avx2x1   gen() 25639 MB/s
[    3.611705] raid6: avx2x2   gen() 29219 MB/s
[    3.679952] raid6: avx2x4   gen() 32935 MB/s
[    3.680514] raid6: using algorithm avx2x4 gen() 32935 MB/s
[    3.681148] raid6: using avx2x2 recovery algorithm
[    3.682713] xor: automatically using best checksumming function:
[    3.719975]    avx       : 38100.000 MB/sec
[    3.721426] async_tx: api initialized (async)
[    3.726855] md: raid6 personality registered for level 6
[    3.727506] md: raid5 personality registered for level 5
[    3.728153] md: raid4 personality registered for level 4
[    3.732115] md: raid10 personality registered for level 10
done.
Begin: Running /scripts/init-premount ... done.
Begin: Mounting root file system ... Begin: Running /scripts/local-top ... done.
Begin: Running /scripts/local-premount ... [    3.752716] Btrfs loaded
Scanning for Btrfs filesystems
done.
Warning: fsck not present, so skipping root file system
[    3.774028] EXT4-fs (sda1): mounted filesystem with ordered data mode. Opts: (null)
done.
Begin: Running /scripts/local-bottom ... done.
Begin: Running /scripts/init-bottom ... done.
[    3.850929] systemd[1]: systemd 229 running in system mode. (+PAM +AUDIT +SELINUX +IMA +APPARMOR +SMACK +SYSVINIT +UTMP +LIBCRYPTSETUP +GCRYPT +GNUTLS +ACL +XZ -LZ4 +SECCOMP +BLKID +ELFUTILS +KMOD -IDN)
[    3.859811] systemd[1]: Detected virtualization oracle.
[    3.860441] systemd[1]: Detected architecture x86-64.

Welcome to [1mUbuntu 16.04.5 LTS[0m!

[    3.863558] systemd[1]: Set hostname to <mastodon>.
[    3.965747] systemd[1]: Listening on udev Kernel Socket.
[[0;32m  OK  [0m] Listening on udev Kernel Socket.
[    3.967277] systemd[1]: Listening on Syslog Socket.
[[0;32m  OK  [0m] Listening on Syslog Socket.
[    3.968478] systemd[1]: Reached target Swap.
[[0;32m  OK  [0m] Reached target Swap.
[    3.969728] systemd[1]: Set up automount Arbitrary Executable File Formats File System Automount Point.
[[0;32m  OK  [0m] Set up automount Arbitrary Executab...ats File System Automount Point.
[    3.971697] systemd[1]: Listening on udev Control Socket.
[[0;32m  OK  [0m] Listening on udev Control Socket.
[    3.972977] systemd[1]: Listening on /dev/initctl Compatibility Named Pipe.
[[0;32m  OK  [0m] Listening on /dev/initctl Compatibility Named Pipe.
[    3.974463] systemd[1]: Reached target System Time Synchronized.
[[0;32m  OK  [0m] Reached target System Time Synchronized.
[    3.975830] systemd[1]: Listening on LVM2 poll daemon socket.
[[0;32m  OK  [0m] Listening on LVM2 poll daemon socket.
[    3.977139] systemd[1]: Listening on Journal Audit Socket.
[[0;32m  OK  [0m] Listening on Journal Audit Socket.
[    3.978363] systemd[1]: Listening on LVM2 metadata daemon socket.
[[0;32m  OK  [0m] Listening on LVM2 metadata daemon socket.
[    3.979685] systemd[1]: Listening on Device-mapper event daemon FIFOs.
[[0;32m  OK  [0m] Listening on Device-mapper event daemon FIFOs.
[    3.981125] systemd[1]: Started Forward Password Requests to Wall Directory Watch.
[[0;32m  OK  [0m] Started Forward Password Requests to Wall Directory Watch.
[    3.983205] systemd[1]: Created slice User and Session Slice.
[[0;32m  OK  [0m] Created slice User and Session Slice.
[    3.986746] systemd[1]: Created slice System Slice.
[[0;32m  OK  [0m] Created slice System Slice.
[    3.988075] systemd[1]: Created slice system-postgresql.slice.
[[0;32m  OK  [0m] Created slice system-postgresql.slice.
[    3.989366] systemd[1]: Reached target Slices.
[[0;32m  OK  [0m] Reached target Slices.
[    3.990630] systemd[1]: Created slice system-serial\x2dgetty.slice.
[[0;32m  OK  [0m] Created slice system-serial\x2dgetty.slice.
[    3.995498] systemd[1]: Reached target User and Group Name Lookups.
[[0;32m  OK  [0m] Reached target User and Group Name Lookups.
[    3.996957] systemd[1]: Reached target Encrypted Volumes.
[[0;32m  OK  [0m] Reached target Encrypted Volumes.
[    3.998206] systemd[1]: Started Trigger resolvconf update for networkd DNS.
[[0;32m  OK  [0m] Started Trigger resolvconf update for networkd DNS.
[    3.999847] systemd[1]: Listening on Journal Socket.
[[0;32m  OK  [0m] Listening on Journal Socket.
[    4.011894] systemd[1]: Starting Monitoring of LVM2 mirrors, snapshots etc. using dmeventd or progress polling...
         Starting Monitoring of LVM2 mirrors... dmeventd or progress polling...
[    4.014532] systemd[1]: Mounting Debug File System...
         Mounting Debug File System...
[    4.022616] systemd[1]: Starting Remount Root and Kernel File Systems...
         Starting Remount Root and Kernel File Systems...
[    4.027166] systemd[1]: Starting Load Kernel Modules...
         Starting Load Kernel Modules...
[    4.029962] systemd[1]: Starting Uncomplicated firewall...
[    4.030564] EXT4-fs (sda1): re-mounted. Opts: (null)
         Starting Uncomplicated firewall...
[    4.033789] systemd[1]: Starting Nameserver information manager...
         Starting Nameserver information manager...
[    4.036048] systemd[1]: Mounting POSIX Message Queue File System...
         Mounting POSIX Message Queue File System...
[    4.038076] systemd[1]: Starting Create list of required static device nodes for the current kernel...
[    4.039374] Loading iSCSI transport class v2.0-870.
         Starting Create list of required st... nodes for the current kernel...
[    4.041237] systemd[1]: Mounting Huge Pages File System...
         Mounting Huge Pages File System...
[    4.045259] systemd[1]: Starting Set console keymap...
         Starting Set console keymap...
[    4.046558] systemd[1]: Listening on Journal Socket (/dev/log).
[[0;32m  OK  [0m] Listening on Journal Socket (/dev/log).
[    4.051246] systemd[1]: Starting Journal Service...
         Starting Journal Service...
[    4.053581] systemd[1]: Mounted POSIX Message Queue File System.
[    4.054420] iscsi: registered transport (tcp)
[[0;32m  OK  [0m] Mounted POSIX Message Queue File System.
[    4.055546] systemd[1]: Mounted Debug File System.
[[0;32m  OK  [0m] Mounted Debug File System.
[    4.063653] systemd[1]: Mounted Huge Pages File System.
[[0;32m  OK  [0m] Mounted Huge Pages File System.
[    4.065688] systemd[1]: Started Remount Root and Kernel File Systems.
[[0;32m  OK  [0m] Started Remount Root and Kernel File Systems.
[    4.067975] systemd[1]: Started Uncomplicated firewall.
[[0;32m  OK  [0m] Started Uncomplicated firewall.
[    4.070203] systemd[1]: Started Create list of required static device nodes for the current kernel.
[[0;32m  OK  [0m] Started Create list of required sta...ce nodes for the current kernel.
[    4.080673] systemd[1]: Started Nameserver information manager.
[[0;32m  OK  [0m] Started Nameserver information manager.
[    4.102927] systemd[1]: Started Set console keymap.
[[0;32m  OK  [0m] Started Set console keymap.
[    4.112634] systemd[1]: Started Journal Service.
[[0;32m  OK  [0m] Started Journal Service.
[    4.116340] iscsi: registered transport (iser)
[[0;32m  OK  [0m] Started Load Kernel Modules.
         Starting Apply Kernel Variables...
         Mounting FUSE Control File System...
[[0;32m  OK  [0m] Started LVM2 metadata daemon.
         Starting Create Static Device Nodes in /dev...
         Starting Flush Journal to Persistent Storage...
         Starting Load/Save Random Seed...
         Starting udev Coldplug all Devices...
[[0;32m  OK  [0m] Mounted FUSE Control File System.
[[0;32m  OK  [0m] Started Load/Save Random Seed.
[[0;32m  OK  [0m] Started Apply Kernel Variables.
[[0;32m  OK  [0m] Started Create Static Device Nodes in /dev.
[[0;32m  OK  [0m] Started Flush Journal to Persistent Storage.
         Starting udev Kernel Device Manager...
[[0;32m  OK  [0m] Started udev Coldplug all Devices.
[[0;32m  OK  [0m] Started udev Kernel Device Manager.
[[0;32m  OK  [0m] Started Dispatch Password Requests to Console Directory Watch.
[[0;32m  OK  [0m] Found device /dev/ttyS0.
[[0;32m  OK  [0m] Listening on Load/Save RF Kill Switch Status /dev/rfkill Watch.
[[0;32m  OK  [0m] Found device Virtio network device.
[[0;32m  OK  [0m] Started Monitoring of LVM2 mirrors,...ng dmeventd or progress polling.
[[0;32m  OK  [0m] Reached target Local File Systems (Pre).
[[0;32m  OK  [0m] Reached target Local File Systems.
         Starting Initial cloud-init job (pre-networking)...
         Starting Tell Plymouth To Write Out Runtime Data...
         Starting Set console font and keymap...
         Starting Create Volatile Files and Directories...
         Starting netfilter persistent configuration...
         Starting LSB: AppArmor initialization...
[[0;32m  OK  [0m] Started Tell Plymouth To Write Out Runtime Data.
[[0;32m  OK  [0m] Started Create Volatile Files and Directories.
         Starting Update UTMP about System Boot/Shutdown...
[[0;32m  OK  [0m] Started Update UTMP about System Boot/Shutdown.
[[0;32m  OK  [0m] Started netfilter persistent configuration.
[[0;32m  OK  [0m] Started LSB: AppArmor initialization.
[[0;32m  OK  [0m] Started Set console font and keymap.
[[0;32m  OK  [0m] Created slice system-getty.slice.
[    4.990681] cloud-init[598]: Cloud-init v. 18.3-9-g2e62cb8a-0ubuntu1~16.04.2 running 'init-local' at Sun, 09 Sep 2018 19:53:47 +0000. Up 4.82 seconds.
[[0;32m  OK  [0m] Started Initial cloud-init job (pre-networking).
[[0;32m  OK  [0m] Reached target Network (Pre).
         Starting Raise network interfaces...
[[0;32m  OK  [0m] Started ifup for enp0s3.
[[0;32m  OK  [0m] Started Raise network interfaces.
         Starting Initial cloud-init job (metadata service crawler)...
[[0;32m  OK  [0m] Reached target Network.
[    5.526038] cloud-init[981]: Cloud-init v. 18.3-9-g2e62cb8a-0ubuntu1~16.04.2 running 'init' at Sun, 09 Sep 2018 19:53:48 +0000. Up 5.33 seconds.
[    5.527607] cloud-init[981]: ci-info: ++++++++++++++++++++++++++++++++++++++Net device info++++++++++++++++++++++++++++++++++++++
[    5.529289] cloud-init[981]: ci-info: +--------+------+----------------------------+---------------+--------+-------------------+
[    5.555895] cloud-init[981]: ci-info: | Device |  Up  |          Address           |      Mask     | Scope  |     Hw-Address    |
[    5.557718] cloud-init[981]: ci-info: +--------+------+----------------------------+---------------+--------+-------------------+
[    5.559318] cloud-init[981]: ci-info: | enp0s3 | True |         10.0.2.15          | 255.255.255.0 | global | 02:93:23:4d:82:b3 |
[    5.562740] cloud-init[981]: ci-info: | enp0s3 | True | fe80::93:23ff:fe4d:82b3/64 |       .       |  link  | 02:93:23:4d:82:b3 |
[    5.564410] cloud-init[981]: ci-info: |   lo   | True |         127.0.0.1          |   255.0.0.0   |  host  |         .         |
[    5.565810] cloud-init[981]: ci-info: |   lo   | True |          ::1/128           |       .       |  host  |         .         |[[0;32m  OK  [0m] Started Initial cloud-init job (metadata service crawler).
[[0;32m  OK  [0m] Reached target System Initialization.
[[0;32m  OK  [0m] Listening on ACPID Listen Socket.

[[0;32m  OK  [0m] Started ACPI Events Check.
[[0;32m  OK  [0m] Reached target Paths.
[    5.570017] cloud-init[981]: ci-info: +--------+------+----------------------------+---------------+--------+-------------------+[[0;32m  OK  [0m] Started Daily apt download activities.
         Starting Socket activation for snappy daemon.

[    5.573783] cloud-init[981]: ci-info: +++++++++++++++++++++++++++Route IPv4 info++++++++++++++++++++++++++++
[[    5.574623] cloud-init[981]: ci-info: +-------+-------------+----------+---------------+-----------+-------+
[    5.574865] cloud-init[981]: ci-info: | Route | Destination | Gateway  |    Genmask    | Interface | Flags |
[    5.574976] cloud-init[981]: ci-info: +-------+-------------+----------+---------------+-----------+-------+
[    5.575083] cloud-init[981]: ci-info: |   0   |   0.0.0.0   | 10.0.2.2 |    0.0.0.0    |   enp0s3  |   UG  |
[    5.575171] cloud-init[981]: ci-info: |   1   |   10.0.2.0  | 0.0.0.0  | 255.255.255.0 |   enp0s3  |   U   |
[    5.575256] cloud-init[981]: ci-info: +-------+-------------+----------+---------------+-----------+-------+
[    5.575340] cloud-init[981]: ci-info: +++++++++++++++++++Route IPv6 info+++++++++++++++++++
[    5.575425] cloud-init[981]: ci-info: +-------+-------------+---------+-----------+-------+
[    5.575510] cloud-init[981]: ci-info: | Route | Destination | Gateway | Interface | Flags |
[    5.575597] cloud-init[981]: ci-info: +-------+-------------+---------+-----------+-------+
[    5.575680] cloud-init[981]: ci-info: |   0   |  fe80::/64  |    ::   |   enp0s3  |   U   |
[    5.575787] cloud-init[981]: ci-info: |   3   |   ff00::/8  |    ::   |   enp0s3  |   U   |
[    5.575868] cloud-init[981]: ci-info: +-------+-------------+---------+-----------+-------+
[0;32m  OK  [0m] Listening on UUID daemon activation socket.
         Starting LXD - unix socket.
[[0;32m  OK  [0m] Started Daily Cleanup of Temporary Directories.
[[0;32m  OK  [0m] Started Daily apt upgrade and clean activities.
[[0;32m  OK  [0m] Reached target Timers.
[[0;32m  OK  [0m] Listening on D-Bus System Message Bus Socket.
[[0;32m  OK  [0m] Reached target Cloud-config availability.
[[0;32m  OK  [0m] Reached target Network is Online.
         Starting iSCSI initiator daemon (iscsid)...
[[0;32m  OK  [0m] Listening on Socket activation for snappy daemon.
[[0;32m  OK  [0m] Listening on LXD - unix socket.
[[0;32m  OK  [0m] Started iSCSI initiator daemon (iscsid).
         Starting Login to default iSCSI targets...
[[0;32m  OK  [0m] Reached target Sockets.
[[0;32m  OK  [0m] Reached target Basic System.
[[0;32m  OK  [0m] Started ACPI event daemon.
[[0;32m  OK  [0m] Started Regular background program processing daemon.
         Starting Accounts Service...
[[0;32m  OK  [0m] Started Deferred execution scheduler.
[[0;32m  OK  [0m] Started Unattended Upgrades Shutdown.
         Starting Login Service...
         Starting LSB: MD monitoring daemon...
         Starting LSB: Record successful boot for GRUB...
         Starting System Logging Service...
         Starting Virtualbox guest utils...
[[0;32m  OK  [0m] Started D-Bus System Message Bus.
[[0;32m  OK  [0m] Started FUSE filesystem for LXC.
         Starting LXD - container startup/shutdown...
         Starting Advanced key-value store...
         Starting PostgreSQL Cluster 9.5-main...
         Starting OpenBSD Secure Shell server...
         Starting /etc/rc.local Compatibility...
         Starting Snappy daemon...
[[0;32m  OK  [0m] Started System Logging Service.
[[0;32m  OK  [0m] Started /etc/rc.local Compatibility.
[[0;32m  OK  [0m] Started OpenBSD Secure Shell server.
[[0;32m  OK  [0m] Started LSB: Record successful boot for GRUB.
[[0;32m  OK  [0m] Started LSB: MD monitoring daemon.
[[0;32m  OK  [0m] Started Login to default iSCSI targets.
[[0;32m  OK  [0m] Started Advanced key-value store.
[[0;32m  OK  [0m] Started Login Service.
         Starting Authenticate and Authorize Users to Run Privileged Tasks...
[[0;32m  OK  [0m] Reached target Remote File Systems (Pre).
[[0;32m  OK  [0m] Reached target Remote File Systems.
         Starting LSB: automatic crash report generation...
         Starting LSB: Set the CPU Frequency Scaling governor to "ondemand"...
         Starting Permit User Sessions...
         Starting LSB: Start/stop sysstat's sadc...
         Starting LSB: daemon to balance interrupts for SMP systems...
[[0;32m  OK  [0m] Started Permit User Sessions.
         Starting Hold until boot process finishes up...
         Starting Terminate Plymouth Boot Screen...
[[0;32m  OK  [0m] Started Virtualbox guest utils.
[[0;32m  OK  [0m] Started LSB: Set the CPU Frequency Scaling governor to "ondemand".
[[0;32m  OK  [0m] Started LSB: Start/stop sysstat's sadc.
[[0;32m  OK  [0m] Started Hold until boot process finishes up.
[[0;32m  OK  [0m] Started Authenticate and Authorize Users to Run Privileged Tasks.
[[0;32m  OK  [0m] Started Getty on tty1.
         Starting Set console scheme...
[[0;32m  OK  [0m] Started Serial Getty on ttyS0.
[[0;32m  OK  [0m] Reached target Login Prompts.
[[0;32m  OK  [0m] Started LSB: daemon to balance interrupts for SMP systems.
[[0;32m  OK  [0m] Started Terminate Plymouth Boot Screen.
[[0;32m  OK  [0m] Started Set console scheme.
[[0;32m  OK  [0m] Started Accounts Service.
[[0;32m  OK  [0m] Started LSB: automatic crash report generation.
[[0;32m  OK  [0m] Started LXD - container startup/shutdown.
[[0;32m  OK  [0m] Started Snappy daemon.
         Starting Wait until snapd is fully seeded...
[[0;32m  OK  [0m] Started Wait until snapd is fully seeded.
         Starting Apply the settings specified in cloud-config...
[    6.347212] cloud-init[1249]: Cloud-init v. 18.3-9-g2e62cb8a-0ubuntu1~16.04.2 running 'modules:config' at Sun, 09 Sep 2018 19:53:49 +0000. Up 6.27 seconds.
[[0;32m  OK  [0m] Started Apply the settings specified in cloud-config.
[[0;32m  OK  [0m] Started PostgreSQL Cluster 9.5-main.
         Starting PostgreSQL RDBMS...
[[0;32m  OK  [0m] Started PostgreSQL RDBMS.
[[0;32m  OK  [0m] Reached target Multi-User System.
         Starting Execute cloud user/final scripts...
[[0;32m  OK  [0m] Reached target Graphical Interface.
         Starting Update UTMP about System Runlevel Changes...
[[0;32m  OK  [0m] Started Update UTMP about System Runlevel Changes.
[    8.386870] cloud-init[1279]: Cloud-init v. 18.3-9-g2e62cb8a-0ubuntu1~16.04.2 running 'modules:final' at Sun, 09 Sep 2018 19:53:51 +0000. Up 8.30 seconds.
[    8.388942] cloud-init[1279]: Cloud-init v. 18.3-9-g2e62cb8a-0ubuntu1~16.04.2 finished at Sun, 09 Sep 2018 19:53:51 +0000. Datasource DataSourceNoCloud [seed=/dev/sdb][dsmode=net].  Up 8.38 seconds
[[0;32m  OK  [0m] Started Execute cloud user/final scripts.
[[0;32m  OK  [0m] Reached target Cloud-init target.

Ubuntu 16.04.5 LTS mastodon ttyS0

mastodon login: [[0;32m  OK  [0m] Stopped target Timers.
         Stopping Authenticate and Authorize Users to Run Privileged Tasks...
[[0;32m  OK  [0m] Stopped Daily Cleanup of Temporary Directories.
         Stopping ACPI event daemon...
[[0;32m  OK  [0m] Closed Load/Save RF Kill Switch Status /dev/rfkill Watch.
         Stopping Session 61 of user vagrant.
         Stopping User Manager for UID 1000...
[[0;32m  OK  [0m] Stopped target Graphical Interface.
         Stopping Accounts Service...
[[0;32m  OK  [0m] Stopped target Cloud-init target.
[[0;32m  OK  [0m] Stopped Execute cloud user/final scripts.
[[0;32m  OK  [0m] Stopped target Multi-User System.
         Stopping System Logging Service...
         Stopping D-Bus System Message Bus...
         Stopping Advanced key-value store...
         Stopping Virtualbox guest utils...
         Stopping Regular background program processing daemon...
         Stopping LSB: Record successful boot for GRUB...
         Stopping OpenBSD Secure Shell server...
         Stopping LXD - container startup/shutdown...
         Stopping FUSE filesystem for LXC...
         Stopping LSB: automatic crash report generation...
         Stopping         Stopping Serial Getty on ttyS0...
         Stopping Getty on tty1...
[[0;32m  OK  [0m] Stopped PostgreSQL RDBMS.
         Stopping PostgreSQL Cluster 9.5-main...
         Stopping Deferred execution scheduler...
         Stopping Unattended Upgrades Shutdown...
         Stopping LSB: Start/stop sysstat's sadc...
[[0;32m  OK  [0m] Stopped Apply the settings specified in cloud-config.
[[0;32m  OK  [0m] Stopped target Cloud-config availability.
[[0;32m  OK  [0m] Stopped Wait until snapd is fully seeded.
         Stopping Snappy daemon...
[[0;32m  OK  [0m] Stopped Daily apt upgrade and clean activities.
[[0;32m  OK  [0m] Stopped Daily apt download activities.
[[0;32m  OK  [0m] Stopped target System Time Synchronized.
         Stopping LSB: Set the CPU Frequency Scaling governor to "ondemand"...
[[0;32m  OK  [0m] Unmounted /var/lib/lxcfs.
[[0;32m  OK  [0m] Stopped Regular background program processing daemon.
[[0;32m  OK  [0m] Stopped Accounts Service.
[[0;32m  OK  [0m] Stopped Deferred execution scheduler.
[[0;32m  OK  [0m] Stopped System Logging Service.
[[0;32m  OK  [0m] Stopped ACPI event daemon.
[[0;32m  OK  [0m] Stopped OpenBSD Secure Shell server.
[[0;32m  OK  [0m] Stopped Snappy daemon.
[[0;32m  OK  [0m] Stopped Authenticate and Authorize Users to Run Privileged Tasks.
[[0;32m  OK  [0m] Stopped Getty on tty1.
[[0;32m  OK  [0m] Stopped Serial Getty on ttyS0.
[[0;32m  OK  [0m] Stopped User Manager for UID 1000.
[[0;32m  OK  [0m] Stopped D-Bus System Message Bus.
[[0;32m  OK  [0m] Stopped Session 61 of user vagrant.
[[0;32m  OK  [0m] Stopped FUSE filesystem for LXC.
[[0;32m  OK  [0m] Stopped LXD - container startup/shutdown.
[[0;32m  OK  [0m] Stopped LSB: daemon to balance interrupts for SMP systems.
[[0;32m  OK  [0m] Stopped LSB: MD monitoring daemon.
[[0;32m  OK  [0m] Stopped LSB: Start/stop sysstat's sadc.
[[0;32m  OK  [0m] Stopped LSB: Record successful boot for GRUB.
[[0;32m  OK  [0m] Stopped LSB: automatic crash report generation.
[[0;32m  OK  [0m] Stopped Virtualbox guest utils.
[[0;32m  OK  [0m] Stopped LSB: Set the CPU Frequency Scaling governor to "ondemand".
[[0;32m  OK  [0m] Stopped Unattended Upgrades Shutdown.
[[0;32m  OK  [0m] Removed slice User Slice of vagrant.
         Stopping Login Service...
[[0;32m  OK  [0m] Removed slice system-serial\x2dgetty.slice.
         Stopping Permit User Sessions...
[[0;32m  OK  [0m] Removed slice system-getty.slice.
[[0;32m  OK  [0m] Stopped /etc/rc.local Compatibility.
[[0;32m  OK  [0m] Stopped Permit User Sessions.
[[0;32m  OK  [0m] Stopped target Remote File Systems.
[[0;32m  OK  [0m] Stopped target Remote File Systems (Pre).
         Stopping Login to default iSCSI targets...
[[0;32m  OK  [0m] Stopped Login to default iSCSI targets.
[[0;32m  OK  [0m] Stopped Login Service.
[[0;32m  OK  [0m] Stopped Advanced key-value store.
[[0;32m  OK  [0m] Stopped target User and Group Name Lookups.
         Stopping iSCSI initiator daemon (iscsid)...
[[0;32m  OK  [0m] Stopped iSCSI initiator daemon (iscsid).
[[0;32m  OK  [0m] Stopped target Network is Online.
[[0;32m  OK  [0m] Stopped target Network.
[[0;32m  OK  [0m] Stopped PostgreSQL Cluster 9.5-main.
[[0;32m  OK  [0m] Removed slice system-postgresql.slice.
[[0;32m  OK  [0m] Stopped target Basic System.
[[0;32m  OK  [0m] Stopped target Sockets.
[[0;32m  OK  [0m] Closed Syslog Socket.
[[0;32m  OK  [0m] Closed ACPID Listen Socket.
[[0;32m  OK  [0m] Closed UUID daemon activation socket.
[[0;32m  OK  [0m] Closed Socket activation for snappy daemon.
[[0;32m  OK  [0m] Closed LXD - unix socket.
[[0;32m  OK  [0m] Closed D-Bus System Message Bus Socket.
[[0;32m  OK  [0m] Stopped target Paths.
[[0;32m  OK  [0m] Stopped Forward Password Requests to Wall Directory Watch.
[[0;32m  OK  [0m] Stopped ACPI Events Check.
[[0;32m  OK  [0m] Stopped Dispatch Password Requests to Console Directory Watch.
[[0;32m  OK  [0m] Stopped target Slices.
[[0;32m  OK  [0m] Removed slice User and Session Slice.
[[0;32m  OK  [0m] Stopped target System Initialization.
         Stopping Update UTMP about System Boot/Shutdown...
         Stopping Load/Save Random Seed...
[[0;32m  OK  [0m] Stopped target Encrypted Volumes.
[[0;32m  OK  [0m] Stopped Initial cloud-init job (metadata service crawler).
         Stopping Raise network interfaces...
[[0;32m  OK  [0m] Stopped target Swap.
[[0;32m  OK  [0m] Stopped Load/Save Random Seed.
[[0;32m  OK  [0m] Stopped Update UTMP about System Boot/Shutdown.
[[0;32m  OK  [0m] Stopped Create Volatile Files and Directories.
[[0;32m  OK  [0m] Stopped Raise network interfaces.
[[0;32m  OK  [0m] Stopped target Local File Systems.
         Unmounting /vagrant...
         Unmounting /run/user/1000...
[[0;32m  OK  [0m] Stopped Apply Kernel Variables.
[[0;32m  OK  [0m] Stopped Load Kernel Modules.
[[0;32m  OK  [0m] Stopped target Network (Pre).
[[0;32m  OK  [0m] Stopped Initial cloud-init job (pre-networking).
[[0;32m  OK  [0m] Unmounted /run/user/1000.
[[0;32m  OK  [0m] Unmounted /vagrant.
[[0;32m  OK  [0m] Reached target Unmount All Filesystems.
[[0;32m  OK  [0m] Stopped target Local File Systems (Pre).
[[0;32m  OK  [0m] Stopped Create Static Device Nodes in /dev.
[[0;32m  OK  [0m] Stopped Remount Root and Kernel File Systems.
[[0;32m  OK  [0m] Reached target Shutdown.
[28684.908571] reboot: Power down
